
*** Running vivado
    with args -log siren.vds -m64 -product Vivado -mode batch -messageDb vivado.pb -notrace -source siren.tcl


****** Vivado v2018.2 (64-bit)
  **** SW Build 2258646 on Thu Jun 14 20:03:12 MDT 2018
  **** IP Build 2256618 on Thu Jun 14 22:10:49 MDT 2018
    ** Copyright 1986-2018 Xilinx, Inc. All Rights Reserved.

source siren.tcl -notrace
Command: synth_design -top siren -part xc7a100tcsg324-1
Starting synth_design
Attempting to get a license for feature 'Synthesis' and/or device 'xc7a100t'
INFO: [Common 17-349] Got license for feature 'Synthesis' and/or device 'xc7a100t'
INFO: Launching helper process for spawning children vivado processes
INFO: Helper process launched with PID 13896 
---------------------------------------------------------------------------------
Starting RTL Elaboration : Time (s): cpu = 00:00:03 ; elapsed = 00:00:03 . Memory (MB): peak = 408.980 ; gain = 96.684
---------------------------------------------------------------------------------
INFO: [Synth 8-638] synthesizing module 'siren' [C:/Users/dppel/Projects/CPE 487/Hexcalc/Siren/Siren.srcs/sources_1/new/siren.vhd:15]
INFO: [Synth 8-3491] module 'dac_if' declared at 'C:/Users/dppel/Projects/CPE 487/Hexcalc/Siren/Siren.srcs/sources_1/new/dac_if.vhd:5' bound to instance 'dac' of component 'dac_if' [C:/Users/dppel/Projects/CPE 487/Hexcalc/Siren/Siren.srcs/sources_1/new/siren.vhd:68]
INFO: [Synth 8-638] synthesizing module 'dac_if' [C:/Users/dppel/Projects/CPE 487/Hexcalc/Siren/Siren.srcs/sources_1/new/dac_if.vhd:15]
INFO: [Synth 8-256] done synthesizing module 'dac_if' (1#1) [C:/Users/dppel/Projects/CPE 487/Hexcalc/Siren/Siren.srcs/sources_1/new/dac_if.vhd:15]
INFO: [Synth 8-3491] module 'wail' declared at 'C:/Users/dppel/Projects/CPE 487/Hexcalc/Siren/Siren.srcs/sources_1/new/wail.vhd:8' bound to instance 'w1' of component 'wail' [C:/Users/dppel/Projects/CPE 487/Hexcalc/Siren/Siren.srcs/sources_1/new/siren.vhd:77]
INFO: [Synth 8-638] synthesizing module 'wail' [C:/Users/dppel/Projects/CPE 487/Hexcalc/Siren/Siren.srcs/sources_1/new/wail.vhd:18]
INFO: [Synth 8-3491] module 'tone' declared at 'C:/Users/dppel/Projects/CPE 487/Hexcalc/Siren/Siren.srcs/sources_1/new/tone.vhd:7' bound to instance 'tgen' of component 'tone' [C:/Users/dppel/Projects/CPE 487/Hexcalc/Siren/Siren.srcs/sources_1/new/wail.vhd:47]
INFO: [Synth 8-638] synthesizing module 'tone' [C:/Users/dppel/Projects/CPE 487/Hexcalc/Siren/Siren.srcs/sources_1/new/tone.vhd:14]
INFO: [Synth 8-256] done synthesizing module 'tone' (2#1) [C:/Users/dppel/Projects/CPE 487/Hexcalc/Siren/Siren.srcs/sources_1/new/tone.vhd:14]
INFO: [Synth 8-256] done synthesizing module 'wail' (3#1) [C:/Users/dppel/Projects/CPE 487/Hexcalc/Siren/Siren.srcs/sources_1/new/wail.vhd:18]
INFO: [Synth 8-256] done synthesizing module 'siren' (4#1) [C:/Users/dppel/Projects/CPE 487/Hexcalc/Siren/Siren.srcs/sources_1/new/siren.vhd:15]
---------------------------------------------------------------------------------
Finished RTL Elaboration : Time (s): cpu = 00:00:03 ; elapsed = 00:00:04 . Memory (MB): peak = 463.895 ; gain = 151.598
---------------------------------------------------------------------------------

Report Check Netlist: 
+------+------------------+-------+---------+-------+------------------+
|      |Item              |Errors |Warnings |Status |Description       |
+------+------------------+-------+---------+-------+------------------+
|1     |multi_driven_nets |      0|        0|Passed |Multi driven nets |
+------+------------------+-------+---------+-------+------------------+
---------------------------------------------------------------------------------
Start Handling Custom Attributes
---------------------------------------------------------------------------------
---------------------------------------------------------------------------------
Finished Handling Custom Attributes : Time (s): cpu = 00:00:04 ; elapsed = 00:00:04 . Memory (MB): peak = 463.895 ; gain = 151.598
---------------------------------------------------------------------------------
---------------------------------------------------------------------------------
Finished RTL Optimization Phase 1 : Time (s): cpu = 00:00:04 ; elapsed = 00:00:04 . Memory (MB): peak = 463.895 ; gain = 151.598
---------------------------------------------------------------------------------
INFO: [Device 21-403] Loading part xc7a100tcsg324-1
INFO: [Project 1-570] Preparing netlist for logic optimization

Processing XDC Constraints
Initializing timing engine
Parsing XDC File [C:/Users/dppel/Projects/CPE 487/Hexcalc/Siren/Siren.srcs/constrs_1/new/siren.xdc]
Finished Parsing XDC File [C:/Users/dppel/Projects/CPE 487/Hexcalc/Siren/Siren.srcs/constrs_1/new/siren.xdc]
INFO: [Project 1-236] Implementation specific constraints were found while reading constraint file [C:/Users/dppel/Projects/CPE 487/Hexcalc/Siren/Siren.srcs/constrs_1/new/siren.xdc]. These constraints will be ignored for synthesis but will be used in implementation. Impacted constraints are listed in the file [.Xil/siren_propImpl.xdc].
Resolution: To avoid this warning, move constraints listed in [.Xil/siren_propImpl.xdc] to another XDC file and exclude this new file from synthesis with the used_in_synthesis property (File Properties dialog in GUI) and re-run elaboration/synthesis.
Completed Processing XDC Constraints

INFO: [Project 1-111] Unisim Transformation Summary:
No Unisim elements were transformed.

Constraint Validation Runtime : Time (s): cpu = 00:00:00 ; elapsed = 00:00:00.003 . Memory (MB): peak = 793.207 ; gain = 0.000
---------------------------------------------------------------------------------
Finished Constraint Validation : Time (s): cpu = 00:00:14 ; elapsed = 00:00:16 . Memory (MB): peak = 793.207 ; gain = 480.910
---------------------------------------------------------------------------------
---------------------------------------------------------------------------------
Start Loading Part and Timing Information
---------------------------------------------------------------------------------
Loading part: xc7a100tcsg324-1
---------------------------------------------------------------------------------
Finished Loading Part and Timing Information : Time (s): cpu = 00:00:14 ; elapsed = 00:00:16 . Memory (MB): peak = 793.207 ; gain = 480.910
---------------------------------------------------------------------------------
---------------------------------------------------------------------------------
Start Applying 'set_property' XDC Constraints
---------------------------------------------------------------------------------
---------------------------------------------------------------------------------
Finished applying 'set_property' XDC Constraints : Time (s): cpu = 00:00:14 ; elapsed = 00:00:16 . Memory (MB): peak = 793.207 ; gain = 480.910
---------------------------------------------------------------------------------
INFO: [Synth 8-5818] HDL ADVISOR - The operator resource <adder> is shared. To prevent sharing consider applying a KEEP on the output of the operator [C:/Users/dppel/Projects/CPE 487/Hexcalc/Siren/Siren.srcs/sources_1/new/wail.vhd:36]
---------------------------------------------------------------------------------
Finished RTL Optimization Phase 2 : Time (s): cpu = 00:00:14 ; elapsed = 00:00:16 . Memory (MB): peak = 793.207 ; gain = 480.910
---------------------------------------------------------------------------------

Report RTL Partitions: 
+-+--------------+------------+----------+
| |RTL Partition |Replication |Instances |
+-+--------------+------------+----------+
+-+--------------+------------+----------+
---------------------------------------------------------------------------------
Start RTL Component Statistics 
---------------------------------------------------------------------------------
Detailed RTL Component Info : 
+---Adders : 
	   2 Input     16 Bit       Adders := 2     
	   3 Input     14 Bit       Adders := 1     
+---Registers : 
	               16 Bit    Registers := 1     
	               14 Bit    Registers := 1     
	                1 Bit    Registers := 3     
+---Muxes : 
	   2 Input     16 Bit        Muxes := 2     
	   4 Input     16 Bit        Muxes := 1     
	   2 Input     14 Bit        Muxes := 1     
	   2 Input      1 Bit        Muxes := 1     
---------------------------------------------------------------------------------
Finished RTL Component Statistics 
---------------------------------------------------------------------------------
---------------------------------------------------------------------------------
Start RTL Hierarchical Component Statistics 
---------------------------------------------------------------------------------
Hierarchical RTL Component report 
Module siren 
Detailed RTL Component Info : 
+---Registers : 
	                1 Bit    Registers := 2     
Module dac_if 
Detailed RTL Component Info : 
+---Registers : 
	               16 Bit    Registers := 1     
+---Muxes : 
	   2 Input     16 Bit        Muxes := 2     
Module tone 
Detailed RTL Component Info : 
+---Adders : 
	   2 Input     16 Bit       Adders := 2     
+---Muxes : 
	   4 Input     16 Bit        Muxes := 1     
Module wail 
Detailed RTL Component Info : 
+---Adders : 
	   3 Input     14 Bit       Adders := 1     
+---Registers : 
	               14 Bit    Registers := 1     
	                1 Bit    Registers := 1     
+---Muxes : 
	   2 Input     14 Bit        Muxes := 1     
	   2 Input      1 Bit        Muxes := 1     
---------------------------------------------------------------------------------
Finished RTL Hierarchical Component Statistics
---------------------------------------------------------------------------------
---------------------------------------------------------------------------------
Start Part Resource Summary
---------------------------------------------------------------------------------
Part Resources:
DSPs: 240 (col length:80)
BRAMs: 270 (col length: RAMB18 80 RAMB36 40)
---------------------------------------------------------------------------------
Finished Part Resource Summary
---------------------------------------------------------------------------------
---------------------------------------------------------------------------------
Start Cross Boundary and Area Optimization
---------------------------------------------------------------------------------
Warning: Parallel synthesis criteria is not met 
INFO: [Synth 8-3333] propagating constant 0 across sequential element (\w1/curr_pitch_reg[0] )
WARNING: [Synth 8-3332] Sequential element (w1/curr_pitch_reg[0]) is unused and will be removed from module siren.
INFO: [Synth 8-3333] propagating constant 0 across sequential element (i_1/\w1/tgen/count_reg[0] )
INFO: [Synth 8-3333] propagating constant 0 across sequential element (\dac/sreg_reg[0] )
WARNING: [Synth 8-3332] Sequential element (dac/sreg_reg[0]) is unused and will be removed from module siren.
---------------------------------------------------------------------------------
Finished Cross Boundary and Area Optimization : Time (s): cpu = 00:00:15 ; elapsed = 00:00:17 . Memory (MB): peak = 793.207 ; gain = 480.910
---------------------------------------------------------------------------------

Report RTL Partitions: 
+-+--------------+------------+----------+
| |RTL Partition |Replication |Instances |
+-+--------------+------------+----------+
+-+--------------+------------+----------+
---------------------------------------------------------------------------------
Start Applying XDC Timing Constraints
---------------------------------------------------------------------------------
---------------------------------------------------------------------------------
Finished Applying XDC Timing Constraints : Time (s): cpu = 00:00:25 ; elapsed = 00:00:29 . Memory (MB): peak = 802.875 ; gain = 490.578
---------------------------------------------------------------------------------
---------------------------------------------------------------------------------
Start Timing Optimization
---------------------------------------------------------------------------------
---------------------------------------------------------------------------------
Finished Timing Optimization : Time (s): cpu = 00:00:25 ; elapsed = 00:00:29 . Memory (MB): peak = 824.086 ; gain = 511.789
---------------------------------------------------------------------------------

Report RTL Partitions: 
+-+--------------+------------+----------+
| |RTL Partition |Replication |Instances |
+-+--------------+------------+----------+
+-+--------------+------------+----------+
---------------------------------------------------------------------------------
Start Technology Mapping
---------------------------------------------------------------------------------
---------------------------------------------------------------------------------
Finished Technology Mapping : Time (s): cpu = 00:00:25 ; elapsed = 00:00:29 . Memory (MB): peak = 824.086 ; gain = 511.789
---------------------------------------------------------------------------------

Report RTL Partitions: 
+-+--------------+------------+----------+
| |RTL Partition |Replication |Instances |
+-+--------------+------------+----------+
+-+--------------+------------+----------+
---------------------------------------------------------------------------------
Start IO Insertion
---------------------------------------------------------------------------------
---------------------------------------------------------------------------------
Start Flattening Before IO Insertion
---------------------------------------------------------------------------------
---------------------------------------------------------------------------------
Finished Flattening Before IO Insertion
---------------------------------------------------------------------------------
---------------------------------------------------------------------------------
Start Final Netlist Cleanup
---------------------------------------------------------------------------------
---------------------------------------------------------------------------------
Finished Final Netlist Cleanup
---------------------------------------------------------------------------------
---------------------------------------------------------------------------------
Finished IO Insertion : Time (s): cpu = 00:00:26 ; elapsed = 00:00:30 . Memory (MB): peak = 824.086 ; gain = 511.789
---------------------------------------------------------------------------------

Report Check Netlist: 
+------+------------------+-------+---------+-------+------------------+
|      |Item              |Errors |Warnings |Status |Description       |
+------+------------------+-------+---------+-------+------------------+
|1     |multi_driven_nets |      0|        0|Passed |Multi driven nets |
+------+------------------+-------+---------+-------+------------------+
---------------------------------------------------------------------------------
Start Renaming Generated Instances
---------------------------------------------------------------------------------
---------------------------------------------------------------------------------
Finished Renaming Generated Instances : Time (s): cpu = 00:00:26 ; elapsed = 00:00:30 . Memory (MB): peak = 824.086 ; gain = 511.789
---------------------------------------------------------------------------------

Report RTL Partitions: 
+-+--------------+------------+----------+
| |RTL Partition |Replication |Instances |
+-+--------------+------------+----------+
+-+--------------+------------+----------+
---------------------------------------------------------------------------------
Start Rebuilding User Hierarchy
---------------------------------------------------------------------------------
---------------------------------------------------------------------------------
Finished Rebuilding User Hierarchy : Time (s): cpu = 00:00:26 ; elapsed = 00:00:30 . Memory (MB): peak = 824.086 ; gain = 511.789
---------------------------------------------------------------------------------
---------------------------------------------------------------------------------
Start Renaming Generated Ports
---------------------------------------------------------------------------------
---------------------------------------------------------------------------------
Finished Renaming Generated Ports : Time (s): cpu = 00:00:26 ; elapsed = 00:00:30 . Memory (MB): peak = 824.086 ; gain = 511.789
---------------------------------------------------------------------------------
---------------------------------------------------------------------------------
Start Handling Custom Attributes
---------------------------------------------------------------------------------
---------------------------------------------------------------------------------
Finished Handling Custom Attributes : Time (s): cpu = 00:00:26 ; elapsed = 00:00:30 . Memory (MB): peak = 824.086 ; gain = 511.789
---------------------------------------------------------------------------------
---------------------------------------------------------------------------------
Start Renaming Generated Nets
---------------------------------------------------------------------------------
---------------------------------------------------------------------------------
Finished Renaming Generated Nets : Time (s): cpu = 00:00:26 ; elapsed = 00:00:30 . Memory (MB): peak = 824.086 ; gain = 511.789
---------------------------------------------------------------------------------
---------------------------------------------------------------------------------
Start Writing Synthesis Report
---------------------------------------------------------------------------------

Report BlackBoxes: 
+-+--------------+----------+
| |BlackBox name |Instances |
+-+--------------+----------+
+-+--------------+----------+

Report Cell Usage: 
+------+-------+------+
|      |Cell   |Count |
+------+-------+------+
|1     |BUFG   |     1|
|2     |CARRY4 |    24|
|3     |LUT1   |    32|
|4     |LUT2   |    20|
|5     |LUT3   |     2|
|6     |LUT4   |    15|
|7     |LUT5   |     9|
|8     |LUT6   |    23|
|9     |FDRE   |    66|
|10    |IBUF   |     1|
|11    |OBUF   |     4|
+------+-------+------+

Report Instance Areas: 
+------+---------+-------+------+
|      |Instance |Module |Cells |
+------+---------+-------+------+
|1     |top      |       |   197|
|2     |  dac    |dac_if |    29|
|3     |  w1     |wail   |   129|
|4     |    tgen |tone   |    89|
+------+---------+-------+------+
---------------------------------------------------------------------------------
Finished Writing Synthesis Report : Time (s): cpu = 00:00:26 ; elapsed = 00:00:30 . Memory (MB): peak = 824.086 ; gain = 511.789
---------------------------------------------------------------------------------
Synthesis finished with 0 errors, 0 critical warnings and 2 warnings.
Synthesis Optimization Runtime : Time (s): cpu = 00:00:15 ; elapsed = 00:00:21 . Memory (MB): peak = 824.086 ; gain = 182.477
Synthesis Optimization Complete : Time (s): cpu = 00:00:26 ; elapsed = 00:00:30 . Memory (MB): peak = 824.086 ; gain = 511.789
INFO: [Project 1-571] Translating synthesized netlist
INFO: [Netlist 29-17] Analyzing 25 Unisim elements for replacement
INFO: [Netlist 29-28] Unisim Transformation completed in 0 CPU seconds
INFO: [Project 1-570] Preparing netlist for logic optimization
INFO: [Opt 31-138] Pushed 0 inverter(s) to 0 load pin(s).
INFO: [Project 1-111] Unisim Transformation Summary:
No Unisim elements were transformed.

INFO: [Common 17-83] Releasing license: Synthesis
27 Infos, 2 Warnings, 0 Critical Warnings and 0 Errors encountered.
synth_design completed successfully
synth_design: Time (s): cpu = 00:00:28 ; elapsed = 00:00:33 . Memory (MB): peak = 824.914 ; gain = 525.629
WARNING: [Constraints 18-5210] No constraint will be written out.
INFO: [Common 17-1381] The checkpoint 'C:/Users/dppel/Projects/CPE 487/Hexcalc/Siren/Siren.runs/synth_1/siren.dcp' has been generated.
INFO: [runtcl-4] Executing : report_utilization -file siren_utilization_synth.rpt -pb siren_utilization_synth.pb
report_utilization: Time (s): cpu = 00:00:00 ; elapsed = 00:00:00.049 . Memory (MB): peak = 824.914 ; gain = 0.000
INFO: [Common 17-206] Exiting Vivado at Tue Mar  5 13:20:08 2019...
