#-----------------------------------------------------------
# Vivado v2018.2 (64-bit)
# SW Build 2258646 on Thu Jun 14 20:03:12 MDT 2018
# IP Build 2256618 on Thu Jun 14 22:10:49 MDT 2018
# Start of session at: Tue Apr 23 12:50:13 2019
# Process ID: 10944
# Current directory: C:/Users/dppel/Projects/CPE487/tetris
# Command line: vivado.exe -gui_launcher_event rodinguilauncherevent11120 C:\Users\dppel\Projects\CPE487\tetris\tetris.xpr
# Log file: C:/Users/dppel/Projects/CPE487/tetris/vivado.log
# Journal file: C:/Users/dppel/Projects/CPE487/tetris\vivado.jou
#-----------------------------------------------------------
start_gui
open_project C:/Users/dppel/Projects/CPE487/tetris/tetris.xpr
INFO: [Project 1-313] Project file moved from 'C:/Users/dppel/Projects/CPE 487/tetris' since last save.
Scanning sources...
Finished scanning sources
INFO: [IP_Flow 19-234] Refreshing IP repositories
INFO: [IP_Flow 19-1704] No user IP repositories specified
INFO: [IP_Flow 19-2313] Loaded Vivado IP repository 'C:/Xilinx/Vivado/2018.2/data/ip'.
open_project: Time (s): cpu = 00:00:15 ; elapsed = 00:00:09 . Memory (MB): peak = 852.145 ; gain = 133.762
update_compile_order -fileset sources_1
close_project
open_project C:/Users/dppel/Projects/CPE487/tetris_ex/tetris_ex.xpr
ERROR: [Labtools 27-1429] XML parser encountered a problem in file C:/Users/dppel/Projects/CPE487/tetris_ex/tetris_ex.hw/tetris_ex.lpr at line 1 : XML character encoding not supported
exit
INFO: [Common 17-206] Exiting Vivado at Tue Apr 23 12:54:47 2019...
